900 900 4

Czasy:
Histogram: 1393901
Median: 27608174
Sobel: 43826695
900 900 4

Czasy:
Histogram: 1328092
Median: 27040259
Sobel: 43003496
900 900 4

Czasy:
Histogram: 1354628
Median: 27530897
Sobel: 43779101
900 900 4

Czasy:
Histogram: 1326252
Median: 27105092
Sobel: 43287831
900 900 4

Czasy:
Histogram: 1355747
Median: 27490347
Sobel: 43898258
3 3 4

Czasy:
Histogram: 110
Median: 1469
Sobel: 1681
3 3 4

Czasy:
Histogram: 107
Median: 1315
Sobel: 980
3 3 4

Czasy:
Histogram: 116
Median: 1637
Sobel: 1068
3 3 4

Czasy:
Histogram: 110
Median: 1260
Sobel: 944
3 3 4

Czasy:
Histogram: 111
Median: 1390
Sobel: 987
1000 1000 4

Czasy:
Histogram: 1654585
Median: 44573612
Sobel: 54875344
1000 1000 4

Czasy:
Histogram: 1630187
Median: 43946141
Sobel: 53808459
1000 1000 4

Czasy:
Histogram: 1618557
Median: 43837152
Sobel: 53816780
1000 1000 4

Czasy:
Histogram: 1655960
Median: 44724020
Sobel: 54831346
1000 1000 4

Czasy:
Histogram: 1617228
Median: 44016685
Sobel: 53843984
500 500 4

Czasy:
Histogram: 404435
Median: 10436096
Sobel: 13482759
500 500 4

Czasy:
Histogram: 405612
Median: 10436172
Sobel: 13487559
500 500 4

Czasy:
Histogram: 404808
Median: 10430816
Sobel: 13486083
500 500 4

Czasy:
Histogram: 404800
Median: 10425677
Sobel: 13483504
500 500 4

Czasy:
Histogram: 404648
Median: 10439692
Sobel: 13485388
10000 10000 4

Czasy:
Histogram: 167093916
Median: 525555355
Sobel: 464976756
10000 10000 4

Czasy:
Histogram: 163444121
Median: 440810416
Sobel: 369386422
10000 10000 4

Czasy:
Histogram: 163522458
Median: 440060777
Sobel: 370892834
10000 10000 4

Czasy:
Histogram: 163535364
Median: 443348377
Sobel: 370536081
10000 10000 4

Czasy:
Histogram: 167228297
Median: 527914035
Sobel: 469479931
640 480 4

Czasy:
Histogram: 485289
Median: 34330100
Sobel: 16722350
640 480 4

Czasy:
Histogram: 485829
Median: 34198512
Sobel: 16730619
640 480 4

Czasy:
Histogram: 486240
Median: 34353634
Sobel: 16722074
640 480 4

Czasy:
Histogram: 493407
Median: 34245862
Sobel: 16715861
640 480 4

Czasy:
Histogram: 485133
Median: 34345048
Sobel: 16741226
640 480 4

Czasy:
Histogram: 486033
Median: 34251856
Sobel: 16715643
640 480 4

Czasy:
Histogram: 486631
Median: 34103816
Sobel: 16728932
640 480 4

Czasy:
Histogram: 486444
Median: 34176355
Sobel: 16722879
640 480 4

Czasy:
Histogram: 488631
Median: 34441395
Sobel: 16735166
640 480 4

Czasy:
Histogram: 486466
Median: 34460676
Sobel: 16723190
512 512 3

Czasy:
Histogram: 412835
Median: 33295327
Sobel: 14279215
512 512 3

Czasy:
Histogram: 412472
Median: 33332038
Sobel: 14283951
512 512 3

Czasy:
Histogram: 412799
Median: 33297073
Sobel: 14277116
512 512 3

Czasy:
Histogram: 412913
Median: 33317355
Sobel: 14278664
512 512 3

Czasy:
Histogram: 412739
Median: 33351245
Sobel: 14269965
